-------------------------------------------------------------------------------
      name:  <unnamed>
       log:  /home/research/ca_ed_lab/users/chesun/gsr/caschls/log/build/builda
> nalysisdata/poolingdata/mergeva.smcl
  log type:  smcl
 opened on:   7 Apr 2022, 14:57:25

. 
. local dtaname `" "sec" "parent" "staff" "' //local macro for looping over dif
> ferent survey analysis datasets

. 
. foreach name of local dtaname {
  2.   use $projdir/dta/buildanalysisdata/analysisready/`name'analysisready, cl
> ear
  3. 
.   merge 1:1 cdscode using $projdir/dta/buildanalysisdata/va/combinedva
  4.   drop _merge
  5. 
.   save, replace
  6. 
. }
(secondary pooled dataset ready for analysis with stats and response rate)

    Result                      Number of obs
    -----------------------------------------
    Not matched                         2,902
        from master                     2,453  (_merge==1)
        from using                        449  (_merge==2)

    Matched                               932  (_merge==3)
    -----------------------------------------
file
    /home/research/ca_ed_lab/users/chesun/gsr/caschls/dta/buildanalysisdata/a
    > nalysisready/secanalysisready.dta saved
(parent pooled (over years) dataset ready for analysis with stats and response 
> ra)

    Result                      Number of obs
    -----------------------------------------
    Not matched                         3,521
        from master                     2,568  (_merge==1)
        from using                        953  (_merge==2)

    Matched                               428  (_merge==3)
    -----------------------------------------
file
    /home/research/ca_ed_lab/users/chesun/gsr/caschls/dta/buildanalysisdata/a
    > nalysisready/parentanalysisready.dta saved
(weighted average staff qoi statistics pooled over years)

    Result                      Number of obs
    -----------------------------------------
    Not matched                         4,405
        from master                     3,618  (_merge==1)
        from using                        787  (_merge==2)

    Matched                               594  (_merge==3)
    -----------------------------------------
file
    /home/research/ca_ed_lab/users/chesun/gsr/caschls/dta/buildanalysisdata/a
    > nalysisready/staffanalysisready.dta saved

. 
. /* NOte:
> 931 matched for secondary, 2883 not matched. 2454 from master, 429 from using
> .
> 427 matched for parent, 3502 not matched. 2569 from master, 933 from using
> 591 matched for staff, 4390 not matched, 3621 from master, 769 from using
> */
. 
. 
. log close
      name:  <unnamed>
       log:  /home/research/ca_ed_lab/users/chesun/gsr/caschls/log/build/builda
> nalysisdata/poolingdata/mergeva.smcl
  log type:  smcl
 closed on:   7 Apr 2022, 14:57:25
-------------------------------------------------------------------------------
