-------------------------------------------------------------------------------
      name:  <unnamed>
       log:  /home/research/ca_ed_lab/users/chesun/gsr/caschls/log/build/builda
> nalysisdata/poolingva/poolva.smcl
  log type:  smcl
 opened on:  25 Jul 2022, 18:10:38

. 
. /* created pooled average for ELA test score VA */
. use $vadtadir/va_g11_ela, clear
(CST/SBAC Student Test Score Samples)

. sort cdscode year

. collapse va_cfr_g11_ela, by(cdscode)

. rename va_cfr_g11_ela va_ela

. label var va_ela "VA estimate on ELA test scores"

. save $projdir/dta/buildanalysisdata/va/ela, replace
file
    /home/research/ca_ed_lab/users/chesun/gsr/caschls/dta/buildanalysisdata/v
    > a/ela.dta saved

. 
. 
. /* create pooled average for math test score VA */
. use $vadtadir/va_g11_math.dta, clear
(CST/SBAC Student Test Score Samples)

. sort cdscode year

. collapse va_cfr_g11_math, by(cdscode)

. rename va_cfr_g11_math va_math

. label var va_math "VA estimate on math test scores"

. save $projdir/dta/buildanalysisdata/va/math, replace
file
    /home/research/ca_ed_lab/users/chesun/gsr/caschls/dta/buildanalysisdata/v
    > a/math.dta saved

. 
. 
. /* create pooled average for VA on postsecondary enrollment */
. use $vadtadir/va_g11_enr.dta, clear
(CST/SBAC Student Test Score Samples)

. sort cdscode year

. collapse va_cfr_g11_enr va_cfr_g11_enr_ela va_cfr_g11_enr_math va_cfr_g11_enr
> _dk, by(cdscode)

. rename va_cfr_g11_enr va_enr

. rename va_cfr_g11_enr_ela va_enrela

. rename va_cfr_g11_enr_math va_enrmath

. rename va_cfr_g11_enr_dk va_enrdk

. label var va_enr "VA on postsecondary enrollment"

. label var va_enrela "VA on postsec enrollment controlling for ELA VA"

. label var va_enrmath "VA on postsec enrollment controlling for math VA"

. label var va_enrdk "deep knowledge VA on postsec enrollment controlling for E
> LA and math VA"

. save $projdir/dta/buildanalysisdata/va/enr, replace
file
    /home/research/ca_ed_lab/users/chesun/gsr/caschls/dta/buildanalysisdata/v
    > a/enr.dta saved

. 
. 
. /* create pooled average for VA on 2 year community college enrollment */
. use $vadtadir/va_g11_enr_2year.dta, clear
(CST/SBAC Student Test Score Samples)

. sort cdscode year

. collapse va_cfr_g11_enr_2year va_cfr_g11_enr_2year_ela va_cfr_g11_enr_2year_m
> ath va_cfr_g11_enr_2year_dk, by(cdscode)

. rename va_cfr_g11_enr_2year va_2yr

. rename va_cfr_g11_enr_2year_ela va_2yrela

. rename va_cfr_g11_enr_2year_math va_2yrmath

. rename va_cfr_g11_enr_2year_dk va_2yrdk

. label var va_2yr "VA on 2 year CC enrollment"

. label var va_2yrela "VA on 2 year CC enrollment controlling for ELA VA"

. label var va_2yrmath "VA on 2 year CC enrollment controlling for math VA"

. label var va_2yrdk "deep knowledge VA on 2 year CC enrollment controlling for
>  ELA and math"

. save $projdir/dta/buildanalysisdata/va/2yr, replace
file
    /home/research/ca_ed_lab/users/chesun/gsr/caschls/dta/buildanalysisdata/v
    > a/2yr.dta saved

. 
. 
. /* create pooled average for VA on 4 year college enrollment */
. use $vadtadir/va_g11_enr_4year.dta, clear
(CST/SBAC Student Test Score Samples)

. sort cdscode year

. collapse va_cfr_g11_enr_4year va_cfr_g11_enr_4year_ela va_cfr_g11_enr_4year_m
> ath va_cfr_g11_enr_4year_dk, by(cdscode)

. rename va_cfr_g11_enr_4year va_4yr

. rename va_cfr_g11_enr_4year_ela va_4yrela

. rename va_cfr_g11_enr_4year_math va_4yrmath

. rename va_cfr_g11_enr_4year_dk va_4yrdk

. label var va_4yr "VA on 4 year college enrollment"

. label var va_4yrela "VA on 4 year college enrollment controlling for ELA VA"

. label var va_4yrmath "VA on 4 year college enrollment controlling for math VA
> "

. label var va_4yrdk "deep knowledge VA on 4 year college enrollment controllin
> g for ELA and math VA"

. save $projdir/dta/buildanalysisdata/va/4yr, replace
file
    /home/research/ca_ed_lab/users/chesun/gsr/caschls/dta/buildanalysisdata/v
    > a/4yr.dta saved

. 
. 
. log close
      name:  <unnamed>
       log:  /home/research/ca_ed_lab/users/chesun/gsr/caschls/log/build/builda
> nalysisdata/poolingva/poolva.smcl
  log type:  smcl
 closed on:  25 Jul 2022, 18:10:38
-------------------------------------------------------------------------------
