-------------------------------------------------------------------------------
      name:  allsvymissing
       log:  /home/research/ca_ed_lab/users/chesun/gsr/caschls/log/check/allsvy
> missing.smcl
  log type:  smcl
 opened on:  25 Jul 2022, 18:11:07

. 
. use $projdir/dta/allsvyfactor/allsvyqoimeans, clear
(parent pooled (over years) dataset ready for analysis with stats and response 
> ra)

. 
. /* generate a var that tallies the number of missing qoimean vars in each obs
> ervation */
. egen nmissall = rmiss(*mean_pooled)

. tab nmissall

   nmissall |      Freq.     Percent        Cum.
------------+-----------------------------------
          0 |        299       31.98       31.98
          1 |          6        0.64       32.62
          2 |         14        1.50       34.12
          3 |         47        5.03       39.14
          4 |          1        0.11       39.25
          5 |         20        2.14       41.39
          6 |          4        0.43       41.82
          8 |          1        0.11       41.93
         10 |          1        0.11       42.03
         11 |        115       12.30       54.33
         12 |          2        0.21       54.55
         13 |         43        4.60       59.14
         14 |         30        3.21       62.35
         15 |         13        1.39       63.74
         16 |          1        0.11       63.85
         18 |          9        0.96       64.81
         19 |          3        0.32       65.13
         26 |        309       33.05       98.18
         30 |         13        1.39       99.57
         32 |          1        0.11       99.68
         34 |          1        0.11       99.79
         35 |          1        0.11       99.89
         37 |          1        0.11      100.00
------------+-----------------------------------
      Total |        935      100.00

. 
. local climatevars parentqoi9mean_pooled parentqoi16mean_pooled parentqoi17mea
> n_pooled parentqoi27mean_pooled secqoi22mean_pooled secqoi23mean_pooled secqo
> i24mean_pooled secqoi25mean_pooled secqoi26mean_pooled secqoi27mean_pooled se
> cqoi28mean_pooled secqoi29mean_pooled secqoi30mean_pooled staffqoi20mean_pool
> ed staffqoi24mean_pooled staffqoi41mean_pooled staffqoi44mean_pooled staffqoi
> 64mean_pooled staffqoi87mean_pooled staffqoi98mean_pooled

. local qualityvars parentqoi30mean_pooled parentqoi31mean_pooled parentqoi32me
> an_pooled parentqoi33mean_pooled parentqoi34mean_pooled secqoi35mean_pooled s
> ecqoi36mean_pooled secqoi37mean_pooled secqoi38mean_pooled secqoi39mean_poole
> d secqoi40mean_pooled staffqoi103mean_pooled staffqoi104mean_pooled staffqoi1
> 05mean_pooled staffqoi109mean_pooled staffqoi111mean_pooled staffqoi112mean_p
> ooled

. local supportvars parentqoi15mean_pooled parentqoi64mean_pooled staffqoi10mea
> n_pooled staffqoi128mean_pooled

. local motivationvars secqoi31mean_pooled secqoi32mean_pooled secqoi33mean_poo
> led secqoi34mean_pooled

. 
. egen nmissclimate = rmiss(`climatevars')

. tab nmissclimate

nmissclimat |
          e |      Freq.     Percent        Cum.
------------+-----------------------------------
          0 |        320       34.22       34.22
          2 |         60        6.42       40.64
          3 |         11        1.18       41.82
          4 |        118       12.62       54.44
          6 |         46        4.92       59.36
          7 |         47        5.03       64.39
         11 |        316       33.80       98.18
         15 |         14        1.50       99.68
         16 |          3        0.32      100.00
------------+-----------------------------------
      Total |        935      100.00

. 
. egen nmissquality = rmiss(`qualityvars')

. tab nmissquality

nmissqualit |
          y |      Freq.     Percent        Cum.
------------+-----------------------------------
          0 |        319       34.12       34.12
          1 |         34        3.64       37.75
          3 |         39        4.17       41.93
          4 |          1        0.11       42.03
          5 |        198       21.18       63.21
          6 |         12        1.28       64.49
          7 |          1        0.11       64.60
          9 |          5        0.53       65.13
         11 |        323       34.55       99.68
         12 |          1        0.11       99.79
         13 |          1        0.11       99.89
         15 |          1        0.11      100.00
------------+-----------------------------------
      Total |        935      100.00

. 
. egen nmisssupport = rmiss(`supportvars')

. tab nmisssupport

nmisssuppor |
          t |      Freq.     Percent        Cum.
------------+-----------------------------------
          0 |        392       41.93       41.93
          2 |        212       22.67       64.60
          3 |          9        0.96       65.56
          4 |        322       34.44      100.00
------------+-----------------------------------
      Total |        935      100.00

. 
. egen nmissmotivation = rmiss(`motivationvars')

. tab nmissmotivation

nmissmotiva |
       tion |      Freq.     Percent        Cum.
------------+-----------------------------------
          0 |        931       99.57       99.57
          4 |          4        0.43      100.00
------------+-----------------------------------
      Total |        935      100.00

. 
. /* missing value patterns for schol climate questions */
. mvpatterns `climatevars'
Variable     | type     obs   mv   variable label
-------------+-----------------------------------------------------------------
parentqoi9mean_pooled|float  413  522weighted mean of qoi9 responses over years
             |                     for a given school
parentqoi16mean_pooled|float  413  522weighted mean of qoi16 responses over yea
> rs
             |                     for a given school
parentqoi17mean_pooled|float  413  522weighted mean of qoi17 responses over yea
> rs
             |                     for a given school
parentqoi27mean_pooled|float  413  522weighted mean of qoi27 responses over yea
> rs
             |                     for a given school
secqoi22mean_pooled|float  931    4weighted mean of qoi22 responses over years
             |                     for a given school
secqoi23mean_pooled|float  931    4weighted mean of qoi23 responses over years
             |                     for a given school
secqoi24mean_pooled|float  931    4weighted mean of qoi24 responses over years
             |                     for a given school
secqoi25mean_pooled|float  931    4weighted mean of qoi25 responses over years
             |                     for a given school
secqoi26mean_pooled|float  931    4weighted mean of qoi26 responses over years
             |                     for a given school
secqoi27mean_pooled|float  910   25weighted mean of qoi27 responses over years
             |                     for a given school
secqoi28mean_pooled|float  910   25weighted mean of qoi28 responses over years
             |                     for a given school
secqoi29mean_pooled|float  910   25weighted mean of qoi29 responses over years
             |                     for a given school
secqoi30mean_pooled|float  910   25weighted mean of qoi30 responses over years
             |                     for a given school
staffqoi20mean_pooled|float  592  343weighted mean of qoi20 responses over year
> s
             |                     for a given school
staffqoi24mean_pooled|float  438  497weighted mean of qoi24 responses over year
> s
             |                     for a given school
staffqoi41mean_pooled|float  592  343weighted mean of qoi41 responses over year
> s
             |                     for a given school
staffqoi44mean_pooled|float  592  343weighted mean of qoi44 responses over year
> s
             |                     for a given school
staffqoi64mean_pooled|float  438  497weighted mean of qoi64 responses over year
> s
             |                     for a given school
staffqoi87mean_pooled|float  545  390weighted mean of qoi87 responses over year
> s
             |                     for a given school
staffqoi98mean_pooled|float  592  343weighted mean of qoi98 responses over year
> s
             |                     for a given school
-------------------------------------------------------------------------------

Patterns of missing values

  +------------------------------------+
  |             _pattern   _mv   _freq |
  |------------------------------------|
  | ++++++++++++++++++++     0     320 |
  | ....+++++++++.......    11     309 |
  | ....++++++++++++++++     4     118 |
  | ++++++++++++++.++.++     2      60 |
  | ....++++++++++.++.++     6      46 |
  |------------------------------------|
  | ....++++++++++.++..+     7      28 |
  | +++++++++++++.......     7      18 |
  | ....+++++...........    15      13 |
  | ++++++++++++++.++..+     3      11 |
  | ....+++++....+.++..+    11       7 |
  |------------------------------------|
  | ++++................    16       3 |
  | +++++++++....+.++..+     7       1 |
  | .............+.++.++    15       1 |
  +------------------------------------+

. /* missing value patterns for schol teacher and staff quality questions*/
. mvpatterns `qualityvars'
Variable     | type     obs   mv   variable label
-------------+-----------------------------------------------------------------
parentqoi30mean_pooled|float  368  567weighted mean of qoi30 responses over yea
> rs
             |                     for a given school
parentqoi31mean_pooled|float  413  522weighted mean of qoi31 responses over yea
> rs
             |                     for a given school
parentqoi32mean_pooled|float  333  602weighted mean of qoi32 responses over yea
> rs
             |                     for a given school
parentqoi33mean_pooled|float  413  522weighted mean of qoi33 responses over yea
> rs
             |                     for a given school
parentqoi34mean_pooled|float  368  567weighted mean of qoi34 responses over yea
> rs
             |                     for a given school
secqoi35mean_pooled|float  931    4weighted mean of qoi35 responses over years
             |                     for a given school
secqoi36mean_pooled|float  931    4weighted mean of qoi36 responses over years
             |                     for a given school
secqoi37mean_pooled|float  931    4weighted mean of qoi37 responses over years
             |                     for a given school
secqoi38mean_pooled|float  931    4weighted mean of qoi38 responses over years
             |                     for a given school
secqoi39mean_pooled|float  931    4weighted mean of qoi39 responses over years
             |                     for a given school
secqoi40mean_pooled|float  931    4weighted mean of qoi40 responses over years
             |                     for a given school
staffqoi103mean_pooled|float  592  343weighted mean of qoi103 responses over ye
> ars
             |                     for a given school
staffqoi104mean_pooled|float  592  343weighted mean of qoi104 responses over ye
> ars
             |                     for a given school
staffqoi105mean_pooled|float  592  343weighted mean of qoi105 responses over ye
> ars
             |                     for a given school
staffqoi109mean_pooled|float  592  343weighted mean of qoi109 responses over ye
> ars
             |                     for a given school
staffqoi111mean_pooled|float  592  343weighted mean of qoi111 responses over ye
> ars
             |                     for a given school
staffqoi112mean_pooled|float  592  343weighted mean of qoi112 responses over ye
> ars
             |                     for a given school
-------------------------------------------------------------------------------

Patterns of missing values

  +---------------------------------+
  |          _pattern   _mv   _freq |
  |---------------------------------|
  | .....++++++......    11     322 |
  | +++++++++++++++++     0     319 |
  | .....++++++++++++     5     198 |
  | .+.+.++++++++++++     3      39 |
  | ++.++++++++++++++     1      34 |
  |---------------------------------|
  | +++++++++++......     6      12 |
  | .+.+.++++++......     9       5 |
  | ..+..++++++++++++     4       1 |
  | ++.++++++++......     7       1 |
  | ...........++++++    11       1 |
  |---------------------------------|
  | +++++............    12       1 |
  | ++.++............    13       1 |
  | .+.+.............    15       1 |
  +---------------------------------+

. /* missing value patterns for student support questions*/
. mvpatterns `supportvars'
Variable     | type     obs   mv   variable label
-------------+-----------------------------------------------------------------
parentqoi15mean_pooled|float  413  522weighted mean of qoi15 responses over yea
> rs
             |                     for a given school
parentqoi64mean_pooled|float  410  525weighted mean of qoi64 responses over yea
> rs
             |                     for a given school
staffqoi10mean_pooled|float  592  343weighted mean of qoi10 responses over year
> s
             |                     for a given school
staffqoi128mean_pooled|float  586  349weighted mean of qoi128 responses over ye
> ars
             |                     for a given school
-------------------------------------------------------------------------------

Patterns of missing values

  +------------------------+
  | _pattern   _mv   _freq |
  |------------------------|
  |     ++++     0     392 |
  |     ....     4     322 |
  |     ..++     2     194 |
  |     ++..     2      18 |
  |     ..+.     3       6 |
  |------------------------|
  |     +...     3       3 |
  +------------------------+

. /* missing value patterns for student motivation questions */
. mvpatterns `motivationvars'
Variable     | type     obs   mv   variable label
-------------+-----------------------------------------------------------------
secqoi31mean_pooled|float  931    4weighted mean of qoi31 responses over years
             |                     for a given school
secqoi32mean_pooled|float  931    4weighted mean of qoi32 responses over years
             |                     for a given school
secqoi33mean_pooled|float  931    4weighted mean of qoi33 responses over years
             |                     for a given school
secqoi34mean_pooled|float  931    4weighted mean of qoi34 responses over years
             |                     for a given school
-------------------------------------------------------------------------------

Patterns of missing values

  +------------------------+
  | _pattern   _mv   _freq |
  |------------------------|
  |     ++++     0     931 |
  |     ....     4       4 |
  +------------------------+

. 
. 
. 
. log close allsvymissing
      name:  allsvymissing
       log:  /home/research/ca_ed_lab/users/chesun/gsr/caschls/log/check/allsvy
> missing.smcl
  log type:  smcl
 closed on:  25 Jul 2022, 18:11:07
-------------------------------------------------------------------------------
