-------------------------------------------------------------------------------
      name:  <unnamed>
       log:  /home/research/ca_ed_lab/users/chesun/gsr/caschls/log/share/factor
> analysis/compcasecategoryindex.smcl
  log type:  smcl
 opened on:  25 Jul 2022, 18:11:09

. 
. use $projdir/dta/allsvyfactor/allsvyqoimeans, clear
(parent pooled (over years) dataset ready for analysis with stats and response 
> ra)

. 
. local climatevars parentqoi16mean_pooled parentqoi17mean_pooled parentqoi27me
> an_pooled secqoi22mean_pooled secqoi23mean_pooled secqoi24mean_pooled secqoi2
> 6mean_pooled secqoi27mean_pooled  secqoi29mean_pooled

. local qualityvars parentqoi30mean_pooled parentqoi31mean_pooled parentqoi32me
> an_pooled parentqoi33mean_pooled parentqoi34mean_pooled secqoi28mean_pooled s
> ecqoi35mean_pooled secqoi36mean_pooled secqoi37mean_pooled secqoi38mean_poole
> d secqoi39mean_pooled secqoi40mean_pooled staffqoi20mean_pooled staffqoi24mea
> n_pooled staffqoi87mean_pooled

. local supportvars parentqoi15mean_pooled parentqoi64mean_pooled staffqoi10mea
> n_pooled staffqoi128mean_pooled

. /* local motivationvars secqoi31mean_pooled secqoi32mean_pooled secqoi33mean_
> pooled secqoi34mean_pooled */
. 
. /* generate linear index by summing the variables in each category */
. gen climateindex = 0

. 
. foreach climatevar of local climatevars {
  2.   replace climateindex = climateindex + `climatevar'
  3. }
(931 real changes made, 522 to missing)
(411 real changes made)
(410 real changes made)
(413 real changes made, 3 to missing)
(410 real changes made)
(410 real changes made)
(410 real changes made)
(409 real changes made, 1 to missing)
(409 real changes made)

. 
. gen qualityindex = 0

. 
. foreach qualityvar of local qualityvars {
  2.   replace qualityindex =  qualityindex + `qualityvar'
  3. }
(932 real changes made, 567 to missing)
(367 real changes made)
(362 real changes made, 36 to missing)
(330 real changes made)
(328 real changes made)
(331 real changes made, 1 to missing)
(331 real changes made)
(331 real changes made)
(329 real changes made)
(331 real changes made)
(331 real changes made)
(331 real changes made)
(331 real changes made, 12 to missing)
(319 real changes made, 20 to missing)
(299 real changes made)

. 
. gen supportindex = 0

. 
. foreach supportvar of local supportvars {
  2.   replace supportindex = supportindex + `supportvar'
  3. }
(927 real changes made, 522 to missing)
(408 real changes made, 3 to missing)
(408 real changes made, 18 to missing)
(390 real changes made)

. 
. 
. //creating a local macro for va variables
. local vavars va_ela va_math va_enr va_enrela va_enrmath va_enrdk va_2yr va_2y
> rela va_2yrmath va_2yrdk va_4yr va_4yrela va_4yrmath va_4yrdk

. 
. // local macro for index vars
. local indexvars climateindex qualityindex supportindex

. 
. //generate standardized z scores for variables
. foreach i of local vavars {
  2.   sum `i'
  3.   gen z_`i' = (`i' - r(mean))/r(sd)
  4. }

    Variable |        Obs        Mean    Std. dev.       Min        Max
-------------+---------------------------------------------------------
      va_ela |        918   -.0044903    .1244622  -.5117588   .4654247
(17 missing values generated)

    Variable |        Obs        Mean    Std. dev.       Min        Max
-------------+---------------------------------------------------------
     va_math |        918    -.009212    .1292864  -.4140076   .5335521
(17 missing values generated)

    Variable |        Obs        Mean    Std. dev.       Min        Max
-------------+---------------------------------------------------------
      va_enr |        917   -.0064488    .0699807   -.321813   .1879913
(18 missing values generated)

    Variable |        Obs        Mean    Std. dev.       Min        Max
-------------+---------------------------------------------------------
   va_enrela |        917   -.0065559    .0666844  -.2765976    .189653
(18 missing values generated)

    Variable |        Obs        Mean    Std. dev.       Min        Max
-------------+---------------------------------------------------------
  va_enrmath |        917   -.0055506     .063995   -.273631    .161112
(18 missing values generated)

    Variable |        Obs        Mean    Std. dev.       Min        Max
-------------+---------------------------------------------------------
    va_enrdk |        917   -.0055894    .0640093  -.2718543   .1611553
(18 missing values generated)

    Variable |        Obs        Mean    Std. dev.       Min        Max
-------------+---------------------------------------------------------
      va_2yr |        917    .0002606    .0878256  -.2201495   .3168567
(18 missing values generated)

    Variable |        Obs        Mean    Std. dev.       Min        Max
-------------+---------------------------------------------------------
   va_2yrela |        917    .0001001    .0879115  -.2212195   .3173681
(18 missing values generated)

    Variable |        Obs        Mean    Std. dev.       Min        Max
-------------+---------------------------------------------------------
  va_2yrmath |        917   -.0001072    .0874784  -.2276892   .3271511
(18 missing values generated)

    Variable |        Obs        Mean    Std. dev.       Min        Max
-------------+---------------------------------------------------------
    va_2yrdk |        917    -.000198    .0872326  -.2205446   .3274191
(18 missing values generated)

    Variable |        Obs        Mean    Std. dev.       Min        Max
-------------+---------------------------------------------------------
      va_4yr |        917   -.0075471    .0822576  -.2059644   .3337602
(18 missing values generated)

    Variable |        Obs        Mean    Std. dev.       Min        Max
-------------+---------------------------------------------------------
   va_4yrela |        917   -.0075337    .0793955  -.2147292   .2840995
(18 missing values generated)

    Variable |        Obs        Mean    Std. dev.       Min        Max
-------------+---------------------------------------------------------
  va_4yrmath |        917     -.00618    .0738879   -.256377   .2776986
(18 missing values generated)

    Variable |        Obs        Mean    Std. dev.       Min        Max
-------------+---------------------------------------------------------
    va_4yrdk |        917   -.0061224    .0737636  -.2564202   .2750604
(18 missing values generated)

. 
. foreach i of local indexvars {
  2.   sum `i'
  3.   gen z_`i' = (`i' - r(mean))/r(sd)
  4. }

    Variable |        Obs        Mean    Std. dev.       Min        Max
-------------+---------------------------------------------------------
climateindex |        409    5.384175    2.004166  -.2750432       12.1
(526 missing values generated)

    Variable |        Obs        Mean    Std. dev.       Min        Max
-------------+---------------------------------------------------------
qualityindex |        299    10.86374    3.174672   .4187376       22.8
(636 missing values generated)

    Variable |        Obs        Mean    Std. dev.       Min        Max
-------------+---------------------------------------------------------
supportindex |        392    3.413352    1.128216  -1.890909   6.784119
(543 missing values generated)

. 
. // regress va vars on index vars, have one file for each index to save N in t
> he dataset
. foreach i of local indexvars {
  2. 
. 
.   foreach j of local vavars {
  3.     reg z_`j' z_`i'
  4.     regsave using $projdir/out/dta/factor/compcase/`i'_`j'_compregs, repla
> ce table(`j', format(%7.2f) parentheses(stderr) asterisk())
  5. 
.   }
  6. }

      Source |       SS           df       MS      Number of obs   =       400
-------------+----------------------------------   F(1, 398)       =     16.98
       Model |  15.2762085         1  15.2762085   Prob > F        =    0.0000
    Residual |  358.008648       398  .899519216   R-squared       =    0.0409
-------------+----------------------------------   Adj R-squared   =    0.0385
       Total |  373.284857       399  .935551019   Root MSE        =    .94843

------------------------------------------------------------------------------
    z_va_ela | Coefficient  Std. err.      t    P>|t|     [95% conf. interval]
-------------+----------------------------------------------------------------
z_climatei~x |   .2021085   .0490436     4.12   0.000     .1056917    .2985253
       _cons |  -.0260941   .0474379    -0.55   0.583    -.1193542    .0671661
------------------------------------------------------------------------------
file
    /home/research/ca_ed_lab/users/chesun/gsr/caschls/out/dta/factor/compcase
    > /climateindex_va_ela_compregs.dta saved

      Source |       SS           df       MS      Number of obs   =       400
-------------+----------------------------------   F(1, 398)       =     34.41
       Model |  28.4683051         1  28.4683051   Prob > F        =    0.0000
    Residual |  329.289329       398  .827360123   R-squared       =    0.0796
-------------+----------------------------------   Adj R-squared   =    0.0773
       Total |  357.757634       399  .896635674   Root MSE        =    .90959

------------------------------------------------------------------------------
   z_va_math | Coefficient  Std. err.      t    P>|t|     [95% conf. interval]
-------------+----------------------------------------------------------------
z_climatei~x |   .2759037   .0470353     5.87   0.000      .183435    .3683724
       _cons |   .0055122   .0454954     0.12   0.904    -.0839291    .0949535
------------------------------------------------------------------------------
file
    /home/research/ca_ed_lab/users/chesun/gsr/caschls/out/dta/factor/compcase
    > /climateindex_va_math_compregs.dta saved

      Source |       SS           df       MS      Number of obs   =       400
-------------+----------------------------------   F(1, 398)       =      5.40
       Model |  5.57333761         1  5.57333761   Prob > F        =    0.0207
    Residual |  410.965843       398   1.0325775   R-squared       =    0.0134
-------------+----------------------------------   Adj R-squared   =    0.0109
       Total |  416.539181       399  1.04395785   Root MSE        =    1.0162

------------------------------------------------------------------------------
    z_va_enr | Coefficient  Std. err.      t    P>|t|     [95% conf. interval]
-------------+----------------------------------------------------------------
z_climatei~x |   .1220772   .0525458     2.32   0.021     .0187751    .2253792
       _cons |   .0344689   .0508255     0.68   0.498    -.0654511    .1343888
------------------------------------------------------------------------------
file
    /home/research/ca_ed_lab/users/chesun/gsr/caschls/out/dta/factor/compcase
    > /climateindex_va_enr_compregs.dta saved

      Source |       SS           df       MS      Number of obs   =       400
-------------+----------------------------------   F(1, 398)       =      2.32
       Model |  2.51690686         1  2.51690686   Prob > F        =    0.1289
    Residual |  432.667169       398  1.08710344   R-squared       =    0.0058
-------------+----------------------------------   Adj R-squared   =    0.0033
       Total |  435.184076       399  1.09068691   Root MSE        =    1.0426

------------------------------------------------------------------------------
 z_va_enrela | Coefficient  Std. err.      t    P>|t|     [95% conf. interval]
-------------+----------------------------------------------------------------
z_climatei~x |   .0820371   .0539153     1.52   0.129    -.0239573    .1880315
       _cons |   .0441644   .0521501     0.85   0.398    -.0583598    .1466886
------------------------------------------------------------------------------
file
    /home/research/ca_ed_lab/users/chesun/gsr/caschls/out/dta/factor/compcase
    > /climateindex_va_enrela_compregs.dta saved

      Source |       SS           df       MS      Number of obs   =       400
-------------+----------------------------------   F(1, 398)       =      0.48
       Model |  .506081138         1  .506081138   Prob > F        =    0.4908
    Residual |  423.445415       398   1.0639332   R-squared       =    0.0012
-------------+----------------------------------   Adj R-squared   =   -0.0013
       Total |  423.951497       399  1.06253508   Root MSE        =    1.0315

------------------------------------------------------------------------------
z_va_enrmath | Coefficient  Std. err.      t    P>|t|     [95% conf. interval]
-------------+----------------------------------------------------------------
z_climatei~x |   .0367864   .0533377     0.69   0.491    -.0680724    .1416451
       _cons |    .036574   .0515914     0.71   0.479    -.0648517    .1379997
------------------------------------------------------------------------------
file
    /home/research/ca_ed_lab/users/chesun/gsr/caschls/out/dta/factor/compcase
    > /climateindex_va_enrmath_compregs.dta saved

      Source |       SS           df       MS      Number of obs   =       400
-------------+----------------------------------   F(1, 398)       =      0.46
       Model |  .491544232         1  .491544232   Prob > F        =    0.4977
    Residual |  424.587517       398  1.06680281   R-squared       =    0.0012
-------------+----------------------------------   Adj R-squared   =   -0.0014
       Total |  425.079061       399  1.06536105   Root MSE        =    1.0329

------------------------------------------------------------------------------
  z_va_enrdk | Coefficient  Std. err.      t    P>|t|     [95% conf. interval]
-------------+----------------------------------------------------------------
z_climatei~x |   .0362542   .0534095     0.68   0.498    -.0687459    .1412543
       _cons |   .0376659   .0516609     0.73   0.466    -.0638965    .1392283
------------------------------------------------------------------------------
file
    /home/research/ca_ed_lab/users/chesun/gsr/caschls/out/dta/factor/compcase
    > /climateindex_va_enrdk_compregs.dta saved

      Source |       SS           df       MS      Number of obs   =       400
-------------+----------------------------------   F(1, 398)       =      0.90
       Model |  .792355844         1  .792355844   Prob > F        =    0.3439
    Residual |  351.155448       398  .882300121   R-squared       =    0.0023
-------------+----------------------------------   Adj R-squared   =   -0.0003
       Total |  351.947804       399  .882074697   Root MSE        =    .93931

------------------------------------------------------------------------------
    z_va_2yr | Coefficient  Std. err.      t    P>|t|     [95% conf. interval]
-------------+----------------------------------------------------------------
z_climatei~x |  -.0460296   .0485719    -0.95   0.344    -.1415191      .04946
       _cons |   .1668784   .0469816     3.55   0.000     .0745152    .2592417
------------------------------------------------------------------------------
file
    /home/research/ca_ed_lab/users/chesun/gsr/caschls/out/dta/factor/compcase
    > /climateindex_va_2yr_compregs.dta saved

      Source |       SS           df       MS      Number of obs   =       400
-------------+----------------------------------   F(1, 398)       =      0.81
       Model |  .713492296         1  .713492296   Prob > F        =    0.3689
    Residual |  350.985176       398  .881872303   R-squared       =    0.0020
-------------+----------------------------------   Adj R-squared   =   -0.0005
       Total |  351.698669       399  .881450297   Root MSE        =    .93908

------------------------------------------------------------------------------
 z_va_2yrela | Coefficient  Std. err.      t    P>|t|     [95% conf. interval]
-------------+----------------------------------------------------------------
z_climatei~x |  -.0436789   .0485601    -0.90   0.369    -.1391452    .0517875
       _cons |   .1672751   .0469703     3.56   0.000     .0749343    .2596159
------------------------------------------------------------------------------
file
    /home/research/ca_ed_lab/users/chesun/gsr/caschls/out/dta/factor/compcase
    > /climateindex_va_2yrela_compregs.dta saved

      Source |       SS           df       MS      Number of obs   =       400
-------------+----------------------------------   F(1, 398)       =      0.40
       Model |  .352469979         1  .352469979   Prob > F        =    0.5284
    Residual |  352.313631       398  .885210128   R-squared       =    0.0010
-------------+----------------------------------   Adj R-squared   =   -0.0015
       Total |  352.666101       399   .88387494   Root MSE        =    .94086

------------------------------------------------------------------------------
z_va_2yrmath | Coefficient  Std. err.      t    P>|t|     [95% conf. interval]
-------------+----------------------------------------------------------------
z_climatei~x |     -.0307   .0486519    -0.63   0.528    -.1263468    .0649469
       _cons |     .16753   .0470591     3.56   0.000     .0750146    .2600454
------------------------------------------------------------------------------
file
    /home/research/ca_ed_lab/users/chesun/gsr/caschls/out/dta/factor/compcase
    > /climateindex_va_2yrmath_compregs.dta saved

      Source |       SS           df       MS      Number of obs   =       400
-------------+----------------------------------   F(1, 398)       =      0.44
       Model |   .38683216         1   .38683216   Prob > F        =    0.5086
    Residual |  351.701224       398  .883671417   R-squared       =    0.0011
-------------+----------------------------------   Adj R-squared   =   -0.0014
       Total |  352.088056       399  .882426206   Root MSE        =    .94004

------------------------------------------------------------------------------
  z_va_2yrdk | Coefficient  Std. err.      t    P>|t|     [95% conf. interval]
-------------+----------------------------------------------------------------
z_climatei~x |  -.0321616   .0486096    -0.66   0.509    -.1277253    .0634021
       _cons |   .1696763   .0470181     3.61   0.000     .0772413    .2621113
------------------------------------------------------------------------------
file
    /home/research/ca_ed_lab/users/chesun/gsr/caschls/out/dta/factor/compcase
    > /climateindex_va_2yrdk_compregs.dta saved

      Source |       SS           df       MS      Number of obs   =       400
-------------+----------------------------------   F(1, 398)       =     10.42
       Model |  7.95299398         1  7.95299398   Prob > F        =    0.0014
    Residual |  303.890989       398  .763545197   R-squared       =    0.0255
-------------+----------------------------------   Adj R-squared   =    0.0231
       Total |  311.843983       399  .781563866   Root MSE        =    .87381

------------------------------------------------------------------------------
    z_va_4yr | Coefficient  Std. err.      t    P>|t|     [95% conf. interval]
-------------+----------------------------------------------------------------
z_climatei~x |   .1458284    .045185     3.23   0.001     .0569973    .2346595
       _cons |  -.1518749   .0437056    -3.47   0.001    -.2377977   -.0659521
------------------------------------------------------------------------------
file
    /home/research/ca_ed_lab/users/chesun/gsr/caschls/out/dta/factor/compcase
    > /climateindex_va_4yr_compregs.dta saved

      Source |       SS           df       MS      Number of obs   =       400
-------------+----------------------------------   F(1, 398)       =      5.09
       Model |   4.1604774         1   4.1604774   Prob > F        =    0.0246
    Residual |  325.211715       398  .817114862   R-squared       =    0.0126
-------------+----------------------------------   Adj R-squared   =    0.0102
       Total |  329.372192       399  .825494216   Root MSE        =    .90394

------------------------------------------------------------------------------
 z_va_4yrela | Coefficient  Std. err.      t    P>|t|     [95% conf. interval]
-------------+----------------------------------------------------------------
z_climatei~x |   .1054747   .0467432     2.26   0.025     .0135803    .1973691
       _cons |  -.1487241   .0452128    -3.29   0.001    -.2376099   -.0598383
------------------------------------------------------------------------------
file
    /home/research/ca_ed_lab/users/chesun/gsr/caschls/out/dta/factor/compcase
    > /climateindex_va_4yrela_compregs.dta saved

      Source |       SS           df       MS      Number of obs   =       400
-------------+----------------------------------   F(1, 398)       =      1.32
       Model |  1.05318893         1  1.05318893   Prob > F        =    0.2508
    Residual |  316.937132       398  .796324453   R-squared       =    0.0033
-------------+----------------------------------   Adj R-squared   =    0.0008
       Total |  317.990321       399  .796968223   Root MSE        =    .89237

------------------------------------------------------------------------------
z_va_4yrmath | Coefficient  Std. err.      t    P>|t|     [95% conf. interval]
-------------+----------------------------------------------------------------
z_climatei~x |   .0530677   .0461447     1.15   0.251    -.0376502    .1437855
       _cons |  -.1629088   .0446339    -3.65   0.000    -.2506566   -.0751611
------------------------------------------------------------------------------
file
    /home/research/ca_ed_lab/users/chesun/gsr/caschls/out/dta/factor/compcase
    > /climateindex_va_4yrmath_compregs.dta saved

      Source |       SS           df       MS      Number of obs   =       400
-------------+----------------------------------   F(1, 398)       =      1.40
       Model |  1.10614458         1  1.10614458   Prob > F        =    0.2374
    Residual |  314.468104       398  .790120864   R-squared       =    0.0035
-------------+----------------------------------   Adj R-squared   =    0.0010
       Total |  315.574248       399  .790912903   Root MSE        =    .88889

------------------------------------------------------------------------------
  z_va_4yrdk | Coefficient  Std. err.      t    P>|t|     [95% conf. interval]
-------------+----------------------------------------------------------------
z_climatei~x |   .0543854   .0459646     1.18   0.237    -.0359783    .1447492
       _cons |  -.1642071   .0444597    -3.69   0.000    -.2516123   -.0768018
------------------------------------------------------------------------------
file
    /home/research/ca_ed_lab/users/chesun/gsr/caschls/out/dta/factor/compcase
    > /climateindex_va_4yrdk_compregs.dta saved

      Source |       SS           df       MS      Number of obs   =       292
-------------+----------------------------------   F(1, 290)       =     14.24
       Model |    13.13191         1    13.13191   Prob > F        =    0.0002
    Residual |  267.493416       290  .922391089   R-squared       =    0.0468
-------------+----------------------------------   Adj R-squared   =    0.0435
       Total |  280.625326       291  .964348199   Root MSE        =    .96041

------------------------------------------------------------------------------
    z_va_ela | Coefficient  Std. err.      t    P>|t|     [95% conf. interval]
-------------+----------------------------------------------------------------
z_qualityi~x |   .2204889    .058436     3.77   0.000     .1054765    .3355013
       _cons |   -.026187   .0562376    -0.47   0.642    -.1368726    .0844986
------------------------------------------------------------------------------
file
    /home/research/ca_ed_lab/users/chesun/gsr/caschls/out/dta/factor/compcase
    > /qualityindex_va_ela_compregs.dta saved

      Source |       SS           df       MS      Number of obs   =       292
-------------+----------------------------------   F(1, 290)       =     29.34
       Model |  24.3350966         1  24.3350966   Prob > F        =    0.0000
    Residual |  240.544134       290  .829462529   R-squared       =    0.0919
-------------+----------------------------------   Adj R-squared   =    0.0887
       Total |   264.87923       291  .910237904   Root MSE        =    .91075

------------------------------------------------------------------------------
   z_va_math | Coefficient  Std. err.      t    P>|t|     [95% conf. interval]
-------------+----------------------------------------------------------------
z_qualityi~x |   .3001506   .0554142     5.42   0.000     .1910856    .4092156
       _cons |   .0261626   .0533295     0.49   0.624    -.0787994    .1311245
------------------------------------------------------------------------------
file
    /home/research/ca_ed_lab/users/chesun/gsr/caschls/out/dta/factor/compcase
    > /qualityindex_va_math_compregs.dta saved

      Source |       SS           df       MS      Number of obs   =       292
-------------+----------------------------------   F(1, 290)       =      2.52
       Model |  2.53376986         1  2.53376986   Prob > F        =    0.1138
    Residual |  292.118541       290  1.00730531   R-squared       =    0.0086
-------------+----------------------------------   Adj R-squared   =    0.0052
       Total |   294.65231       291   1.0125509   Root MSE        =    1.0036

------------------------------------------------------------------------------
    z_va_enr | Coefficient  Std. err.      t    P>|t|     [95% conf. interval]
-------------+----------------------------------------------------------------
z_qualityi~x |   .0968515   .0610665     1.59   0.114    -.0233383    .2170413
       _cons |   .1206169   .0587692     2.05   0.041     .0049486    .2362852
------------------------------------------------------------------------------
file
    /home/research/ca_ed_lab/users/chesun/gsr/caschls/out/dta/factor/compcase
    > /qualityindex_va_enr_compregs.dta saved

      Source |       SS           df       MS      Number of obs   =       292
-------------+----------------------------------   F(1, 290)       =      0.74
       Model |  .802043765         1  .802043765   Prob > F        =    0.3893
    Residual |  312.905116       290  1.07898316   R-squared       =    0.0026
-------------+----------------------------------   Adj R-squared   =   -0.0009
       Total |   313.70716       291  1.07803148   Root MSE        =    1.0387

------------------------------------------------------------------------------
 z_va_enrela | Coefficient  Std. err.      t    P>|t|     [95% conf. interval]
-------------+----------------------------------------------------------------
z_qualityi~x |   .0544906   .0632019     0.86   0.389    -.0699019    .1788832
       _cons |   .1376563   .0608242     2.26   0.024     .0179434    .2573692
------------------------------------------------------------------------------
file
    /home/research/ca_ed_lab/users/chesun/gsr/caschls/out/dta/factor/compcase
    > /qualityindex_va_enrela_compregs.dta saved

      Source |       SS           df       MS      Number of obs   =       292
-------------+----------------------------------   F(1, 290)       =      0.00
       Model |  .002983907         1  .002983907   Prob > F        =    0.9569
    Residual |  295.789763       290   1.0199647   R-squared       =    0.0000
-------------+----------------------------------   Adj R-squared   =   -0.0034
       Total |  295.792747       291  1.01646992   Root MSE        =    1.0099

------------------------------------------------------------------------------
z_va_enrmath | Coefficient  Std. err.      t    P>|t|     [95% conf. interval]
-------------+----------------------------------------------------------------
z_qualityi~x |   .0033237   .0614491     0.05   0.957     -.117619    .1242663
       _cons |   .1278024   .0591374     2.16   0.032     .0114096    .2441952
------------------------------------------------------------------------------
file
    /home/research/ca_ed_lab/users/chesun/gsr/caschls/out/dta/factor/compcase
    > /qualityindex_va_enrmath_compregs.dta saved

      Source |       SS           df       MS      Number of obs   =       292
-------------+----------------------------------   F(1, 290)       =      0.00
       Model |  .002236242         1  .002236242   Prob > F        =    0.9628
    Residual |   297.31818       290   1.0252351   R-squared       =    0.0000
-------------+----------------------------------   Adj R-squared   =   -0.0034
       Total |  297.320416       291  1.02171964   Root MSE        =    1.0125

------------------------------------------------------------------------------
  z_va_enrdk | Coefficient  Std. err.      t    P>|t|     [95% conf. interval]
-------------+----------------------------------------------------------------
z_qualityi~x |   .0028773   .0616076     0.05   0.963    -.1183775     .124132
       _cons |   .1295006   .0592899     2.18   0.030     .0128075    .2461938
------------------------------------------------------------------------------
file
    /home/research/ca_ed_lab/users/chesun/gsr/caschls/out/dta/factor/compcase
    > /qualityindex_va_enrdk_compregs.dta saved

      Source |       SS           df       MS      Number of obs   =       292
-------------+----------------------------------   F(1, 290)       =      2.91
       Model |  2.60397736         1  2.60397736   Prob > F        =    0.0893
    Residual |  259.864381       290  .896084074   R-squared       =    0.0099
-------------+----------------------------------   Adj R-squared   =    0.0065
       Total |  262.468359       291  .901953123   Root MSE        =    .94662

------------------------------------------------------------------------------
    z_va_2yr | Coefficient  Std. err.      t    P>|t|     [95% conf. interval]
-------------+----------------------------------------------------------------
z_qualityi~x |  -.0981841   .0575966    -1.70   0.089    -.2115446    .0151763
       _cons |   .2340916   .0554298     4.22   0.000     .1249958    .3431874
------------------------------------------------------------------------------
file
    /home/research/ca_ed_lab/users/chesun/gsr/caschls/out/dta/factor/compcase
    > /qualityindex_va_2yr_compregs.dta saved

      Source |       SS           df       MS      Number of obs   =       292
-------------+----------------------------------   F(1, 290)       =      2.78
       Model |  2.48817062         1  2.48817062   Prob > F        =    0.0964
    Residual |  259.423126       290  .894562502   R-squared       =    0.0095
-------------+----------------------------------   Adj R-squared   =    0.0061
       Total |  261.911296       291  .900038819   Root MSE        =    .94581

------------------------------------------------------------------------------
 z_va_2yrela | Coefficient  Std. err.      t    P>|t|     [95% conf. interval]
-------------+----------------------------------------------------------------
z_qualityi~x |   -.095976   .0575477    -1.67   0.096    -.2092402    .0172881
       _cons |    .235117   .0553828     4.25   0.000     .1261138    .3441201
------------------------------------------------------------------------------
file
    /home/research/ca_ed_lab/users/chesun/gsr/caschls/out/dta/factor/compcase
    > /qualityindex_va_2yrela_compregs.dta saved

      Source |       SS           df       MS      Number of obs   =       292
-------------+----------------------------------   F(1, 290)       =      2.03
       Model |  1.82909429         1  1.82909429   Prob > F        =    0.1551
    Residual |  261.057086       290   .90019685   R-squared       =    0.0070
-------------+----------------------------------   Adj R-squared   =    0.0035
       Total |  262.886181       291  .903388937   Root MSE        =    .94879

------------------------------------------------------------------------------
z_va_2yrmath | Coefficient  Std. err.      t    P>|t|     [95% conf. interval]
-------------+----------------------------------------------------------------
z_qualityi~x |  -.0822888   .0577287    -1.43   0.155    -.1959091    .0313315
       _cons |   .2359026   .0555569     4.25   0.000     .1265568    .3452485
------------------------------------------------------------------------------
file
    /home/research/ca_ed_lab/users/chesun/gsr/caschls/out/dta/factor/compcase
    > /qualityindex_va_2yrmath_compregs.dta saved

      Source |       SS           df       MS      Number of obs   =       292
-------------+----------------------------------   F(1, 290)       =      2.09
       Model |  1.88836715         1  1.88836715   Prob > F        =    0.1493
    Residual |  261.994989       290  .903430997   R-squared       =    0.0072
-------------+----------------------------------   Adj R-squared   =    0.0037
       Total |  263.883356       291  .906815657   Root MSE        =    .95049

------------------------------------------------------------------------------
  z_va_2yrdk | Coefficient  Std. err.      t    P>|t|     [95% conf. interval]
-------------+----------------------------------------------------------------
z_qualityi~x |  -.0836115   .0578323    -1.45   0.149    -.1974357    .0302127
       _cons |   .2391159   .0556566     4.30   0.000     .1295737     .348658
------------------------------------------------------------------------------
file
    /home/research/ca_ed_lab/users/chesun/gsr/caschls/out/dta/factor/compcase
    > /qualityindex_va_2yrdk_compregs.dta saved

      Source |       SS           df       MS      Number of obs   =       292
-------------+----------------------------------   F(1, 290)       =     11.19
       Model |  8.60025968         1  8.60025968   Prob > F        =    0.0009
    Residual |  222.817789       290  .768337203   R-squared       =    0.0372
-------------+----------------------------------   Adj R-squared   =    0.0338
       Total |  231.418049       291  .795251026   Root MSE        =    .87655

------------------------------------------------------------------------------
    z_va_4yr | Coefficient  Std. err.      t    P>|t|     [95% conf. interval]
-------------+----------------------------------------------------------------
z_qualityi~x |   .1784344   .0533333     3.35   0.001     .0734649    .2834038
       _cons |  -.1462844   .0513269    -2.85   0.005    -.2473049   -.0452639
------------------------------------------------------------------------------
file
    /home/research/ca_ed_lab/users/chesun/gsr/caschls/out/dta/factor/compcase
    > /qualityindex_va_4yr_compregs.dta saved

      Source |       SS           df       MS      Number of obs   =       292
-------------+----------------------------------   F(1, 290)       =      6.19
       Model |  5.12441448         1  5.12441448   Prob > F        =    0.0134
    Residual |  240.182184       290  .828214426   R-squared       =    0.0209
-------------+----------------------------------   Adj R-squared   =    0.0175
       Total |  245.306598       291     .842978   Root MSE        =    .91006

------------------------------------------------------------------------------
 z_va_4yrela | Coefficient  Std. err.      t    P>|t|     [95% conf. interval]
-------------+----------------------------------------------------------------
z_qualityi~x |   .1377352   .0553725     2.49   0.013     .0287522    .2467181
       _cons |  -.1413865   .0532894    -2.65   0.008    -.2462694   -.0365035
------------------------------------------------------------------------------
file
    /home/research/ca_ed_lab/users/chesun/gsr/caschls/out/dta/factor/compcase
    > /qualityindex_va_4yrela_compregs.dta saved

      Source |       SS           df       MS      Number of obs   =       292
-------------+----------------------------------   F(1, 290)       =      2.26
       Model |  1.84398203         1  1.84398203   Prob > F        =    0.1338
    Residual |  236.609579       290  .815895101   R-squared       =    0.0077
-------------+----------------------------------   Adj R-squared   =    0.0043
       Total |  238.453561       291  .819428045   Root MSE        =    .90327

------------------------------------------------------------------------------
z_va_4yrmath | Coefficient  Std. err.      t    P>|t|     [95% conf. interval]
-------------+----------------------------------------------------------------
z_qualityi~x |    .082623   .0549591     1.50   0.134    -.0255463    .1907924
       _cons |  -.1605764   .0528916    -3.04   0.003    -.2646764   -.0564764
------------------------------------------------------------------------------
file
    /home/research/ca_ed_lab/users/chesun/gsr/caschls/out/dta/factor/compcase
    > /qualityindex_va_4yrmath_compregs.dta saved

      Source |       SS           df       MS      Number of obs   =       292
-------------+----------------------------------   F(1, 290)       =      2.34
       Model |  1.89090833         1  1.89090833   Prob > F        =    0.1275
    Residual |  234.762778       290  .809526821   R-squared       =    0.0080
-------------+----------------------------------   Adj R-squared   =    0.0046
       Total |  236.653687       291  .813242909   Root MSE        =    .89974

------------------------------------------------------------------------------
  z_va_4yrdk | Coefficient  Std. err.      t    P>|t|     [95% conf. interval]
-------------+----------------------------------------------------------------
z_qualityi~x |   .0836677   .0547442     1.53   0.128    -.0240787    .1914141
       _cons |  -.1624263   .0526847    -3.08   0.002    -.2661192   -.0587333
------------------------------------------------------------------------------
file
    /home/research/ca_ed_lab/users/chesun/gsr/caschls/out/dta/factor/compcase
    > /qualityindex_va_4yrdk_compregs.dta saved

      Source |       SS           df       MS      Number of obs   =       382
-------------+----------------------------------   F(1, 380)       =     14.26
       Model |  12.7143831         1  12.7143831   Prob > F        =    0.0002
    Residual |  338.782141       380   .89153195   R-squared       =    0.0362
-------------+----------------------------------   Adj R-squared   =    0.0336
       Total |  351.496524       381  .922563055   Root MSE        =    .94421

------------------------------------------------------------------------------
    z_va_ela | Coefficient  Std. err.      t    P>|t|     [95% conf. interval]
-------------+----------------------------------------------------------------
z_supporti~x |   .1832894   .0485354     3.78   0.000     .0878579    .2787209
       _cons |  -.0247922   .0483208    -0.51   0.608    -.1198018    .0702174
------------------------------------------------------------------------------
file
    /home/research/ca_ed_lab/users/chesun/gsr/caschls/out/dta/factor/compcase
    > /supportindex_va_ela_compregs.dta saved

      Source |       SS           df       MS      Number of obs   =       382
-------------+----------------------------------   F(1, 380)       =     18.64
       Model |  15.5086759         1  15.5086759   Prob > F        =    0.0000
    Residual |  316.248448       380  .832232757   R-squared       =    0.0467
-------------+----------------------------------   Adj R-squared   =    0.0442
       Total |  331.757124       381  .870753606   Root MSE        =    .91227

------------------------------------------------------------------------------
   z_va_math | Coefficient  Std. err.      t    P>|t|     [95% conf. interval]
-------------+----------------------------------------------------------------
z_supporti~x |    .202431   .0468934     4.32   0.000     .1102279    .2946342
       _cons |    .020592   .0466861     0.44   0.659    -.0712035    .1123875
------------------------------------------------------------------------------
file
    /home/research/ca_ed_lab/users/chesun/gsr/caschls/out/dta/factor/compcase
    > /supportindex_va_math_compregs.dta saved

      Source |       SS           df       MS      Number of obs   =       382
-------------+----------------------------------   F(1, 380)       =      6.54
       Model |   6.8251576         1   6.8251576   Prob > F        =    0.0109
    Residual |   396.53294       380  1.04350774   R-squared       =    0.0169
-------------+----------------------------------   Adj R-squared   =    0.0143
       Total |  403.358097       381  1.05868267   Root MSE        =    1.0215

------------------------------------------------------------------------------
    z_va_enr | Coefficient  Std. err.      t    P>|t|     [95% conf. interval]
-------------+----------------------------------------------------------------
z_supporti~x |   .1342907   .0525095     2.56   0.011     .0310453    .2375362
       _cons |   .0414902   .0522773     0.79   0.428    -.0612988    .1442793
------------------------------------------------------------------------------
file
    /home/research/ca_ed_lab/users/chesun/gsr/caschls/out/dta/factor/compcase
    > /supportindex_va_enr_compregs.dta saved

      Source |       SS           df       MS      Number of obs   =       382
-------------+----------------------------------   F(1, 380)       =      2.86
       Model |  3.16102847         1  3.16102847   Prob > F        =    0.0913
    Residual |  419.275558       380  1.10335673   R-squared       =    0.0075
-------------+----------------------------------   Adj R-squared   =    0.0049
       Total |  422.436586       381  1.10875744   Root MSE        =    1.0504

------------------------------------------------------------------------------
 z_va_enrela | Coefficient  Std. err.      t    P>|t|     [95% conf. interval]
-------------+----------------------------------------------------------------
z_supporti~x |   .0913911   .0539943     1.69   0.091    -.0147739    .1975561
       _cons |   .0527681   .0537556     0.98   0.327    -.0529275    .1584638
------------------------------------------------------------------------------
file
    /home/research/ca_ed_lab/users/chesun/gsr/caschls/out/dta/factor/compcase
    > /supportindex_va_enrela_compregs.dta saved

      Source |       SS           df       MS      Number of obs   =       382
-------------+----------------------------------   F(1, 380)       =      1.35
       Model |  1.46711661         1  1.46711661   Prob > F        =    0.2452
    Residual |   411.49216       380  1.08287411   R-squared       =    0.0036
-------------+----------------------------------   Adj R-squared   =    0.0009
       Total |  412.959277       381  1.08388262   Root MSE        =    1.0406

------------------------------------------------------------------------------
z_va_enrmath | Coefficient  Std. err.      t    P>|t|     [95% conf. interval]
-------------+----------------------------------------------------------------
z_supporti~x |   .0622619   .0534908     1.16   0.245    -.0429131    .1674368
       _cons |   .0408314   .0532543     0.77   0.444    -.0638786    .1455414
------------------------------------------------------------------------------
file
    /home/research/ca_ed_lab/users/chesun/gsr/caschls/out/dta/factor/compcase
    > /supportindex_va_enrmath_compregs.dta saved

      Source |       SS           df       MS      Number of obs   =       382
-------------+----------------------------------   F(1, 380)       =      1.32
       Model |  1.43420597         1  1.43420597   Prob > F        =    0.2512
    Residual |  412.616281       380  1.08583232   R-squared       =    0.0035
-------------+----------------------------------   Adj R-squared   =    0.0008
       Total |  414.050487       381  1.08674668   Root MSE        =     1.042

------------------------------------------------------------------------------
  z_va_enrdk | Coefficient  Std. err.      t    P>|t|     [95% conf. interval]
-------------+----------------------------------------------------------------
z_supporti~x |   .0615596   .0535638     1.15   0.251    -.0437589     .166878
       _cons |   .0422029    .053327     0.79   0.429      -.06265    .1470559
------------------------------------------------------------------------------
file
    /home/research/ca_ed_lab/users/chesun/gsr/caschls/out/dta/factor/compcase
    > /supportindex_va_enrdk_compregs.dta saved

      Source |       SS           df       MS      Number of obs   =       382
-------------+----------------------------------   F(1, 380)       =      0.50
       Model |  .451220759         1  .451220759   Prob > F        =    0.4790
    Residual |  341.413227       380   .89845586   R-squared       =    0.0013
-------------+----------------------------------   Adj R-squared   =   -0.0013
       Total |  341.864448       381  .897282015   Root MSE        =    .94787

------------------------------------------------------------------------------
    z_va_2yr | Coefficient  Std. err.      t    P>|t|     [95% conf. interval]
-------------+----------------------------------------------------------------
z_supporti~x |   -.034529   .0487235    -0.71   0.479    -.1303304    .0612723
       _cons |   .1683386   .0485081     3.47   0.001     .0729607    .2637164
------------------------------------------------------------------------------
file
    /home/research/ca_ed_lab/users/chesun/gsr/caschls/out/dta/factor/compcase
    > /supportindex_va_2yr_compregs.dta saved

      Source |       SS           df       MS      Number of obs   =       382
-------------+----------------------------------   F(1, 380)       =      0.60
       Model |  .542531315         1  .542531315   Prob > F        =    0.4374
    Residual |  341.054356       380  .897511463   R-squared       =    0.0016
-------------+----------------------------------   Adj R-squared   =   -0.0010
       Total |  341.596887       381  .896579757   Root MSE        =    .94737

------------------------------------------------------------------------------
 z_va_2yrela | Coefficient  Std. err.      t    P>|t|     [95% conf. interval]
-------------+----------------------------------------------------------------
z_supporti~x |  -.0378619   .0486978    -0.78   0.437    -.1336129    .0578891
       _cons |   .1686398   .0484826     3.48   0.001     .0733121    .2639675
------------------------------------------------------------------------------
file
    /home/research/ca_ed_lab/users/chesun/gsr/caschls/out/dta/factor/compcase
    > /supportindex_va_2yrela_compregs.dta saved

      Source |       SS           df       MS      Number of obs   =       382
-------------+----------------------------------   F(1, 380)       =      0.34
       Model |  .310227876         1  .310227876   Prob > F        =    0.5577
    Residual |  342.454717       380  .901196624   R-squared       =    0.0009
-------------+----------------------------------   Adj R-squared   =   -0.0017
       Total |  342.764945       381  .899645525   Root MSE        =    .94931

------------------------------------------------------------------------------
z_va_2yrmath | Coefficient  Std. err.      t    P>|t|     [95% conf. interval]
-------------+----------------------------------------------------------------
z_supporti~x |  -.0286306   .0487977    -0.59   0.558    -.1245779    .0673168
       _cons |   .1694235    .048582     3.49   0.001     .0739003    .2649467
------------------------------------------------------------------------------
file
    /home/research/ca_ed_lab/users/chesun/gsr/caschls/out/dta/factor/compcase
    > /supportindex_va_2yrmath_compregs.dta saved

      Source |       SS           df       MS      Number of obs   =       382
-------------+----------------------------------   F(1, 380)       =      0.40
       Model |  .355664466         1  .355664466   Prob > F        =    0.5300
    Residual |  342.047967       380  .900126228   R-squared       =    0.0010
-------------+----------------------------------   Adj R-squared   =   -0.0016
       Total |  342.403631       381  .898697194   Root MSE        =    .94875

------------------------------------------------------------------------------
  z_va_2yrdk | Coefficient  Std. err.      t    P>|t|     [95% conf. interval]
-------------+----------------------------------------------------------------
z_supporti~x |  -.0306556   .0487687    -0.63   0.530     -.126546    .0652348
       _cons |   .1722241   .0485531     3.55   0.000     .0767577    .2676906
------------------------------------------------------------------------------
file
    /home/research/ca_ed_lab/users/chesun/gsr/caschls/out/dta/factor/compcase
    > /supportindex_va_2yrdk_compregs.dta saved

      Source |       SS           df       MS      Number of obs   =       382
-------------+----------------------------------   F(1, 380)       =     12.41
       Model |  9.30185851         1  9.30185851   Prob > F        =    0.0005
    Residual |  284.824968       380  .749539388   R-squared       =    0.0316
-------------+----------------------------------   Adj R-squared   =    0.0291
       Total |  294.126826       381   .77198642   Root MSE        =    .86576

------------------------------------------------------------------------------
    z_va_4yr | Coefficient  Std. err.      t    P>|t|     [95% conf. interval]
-------------+----------------------------------------------------------------
z_supporti~x |   .1567742   .0445028     3.52   0.000     .0692717    .2442767
       _cons |  -.1464819    .044306    -3.31   0.001    -.2335976   -.0593662
------------------------------------------------------------------------------
file
    /home/research/ca_ed_lab/users/chesun/gsr/caschls/out/dta/factor/compcase
    > /supportindex_va_4yr_compregs.dta saved

      Source |       SS           df       MS      Number of obs   =       382
-------------+----------------------------------   F(1, 380)       =      6.92
       Model |   5.5750718         1   5.5750718   Prob > F        =    0.0089
    Residual |  306.339317       380  .806156098   R-squared       =    0.0179
-------------+----------------------------------   Adj R-squared   =    0.0153
       Total |  311.914389       381  .818672937   Root MSE        =    .89786

------------------------------------------------------------------------------
 z_va_4yrela | Coefficient  Std. err.      t    P>|t|     [95% conf. interval]
-------------+----------------------------------------------------------------
z_supporti~x |    .121371   .0461529     2.63   0.009     .0306239    .2121181
       _cons |  -.1425471   .0459489    -3.10   0.002     -.232893   -.0522011
------------------------------------------------------------------------------
file
    /home/research/ca_ed_lab/users/chesun/gsr/caschls/out/dta/factor/compcase
    > /supportindex_va_4yrela_compregs.dta saved

      Source |       SS           df       MS      Number of obs   =       382
-------------+----------------------------------   F(1, 380)       =      3.79
       Model |  3.00353297         1  3.00353297   Prob > F        =    0.0523
    Residual |  301.139101       380  .792471318   R-squared       =    0.0099
-------------+----------------------------------   Adj R-squared   =    0.0073
       Total |  304.142634       381  .798274629   Root MSE        =    .89021

------------------------------------------------------------------------------
z_va_4yrmath | Coefficient  Std. err.      t    P>|t|     [95% conf. interval]
-------------+----------------------------------------------------------------
z_supporti~x |   .0890853   .0457595     1.95   0.052    -.0008883    .1790589
       _cons |   -.161851   .0455572    -3.55   0.000    -.2514268   -.0722751
------------------------------------------------------------------------------
file
    /home/research/ca_ed_lab/users/chesun/gsr/caschls/out/dta/factor/compcase
    > /supportindex_va_4yrmath_compregs.dta saved

      Source |       SS           df       MS      Number of obs   =       382
-------------+----------------------------------   F(1, 380)       =      3.96
       Model |  3.11363696         1  3.11363696   Prob > F        =    0.0473
    Residual |  298.832352       380  .786400926   R-squared       =    0.0103
-------------+----------------------------------   Adj R-squared   =    0.0077
       Total |  301.945989       381  .792509157   Root MSE        =    .88679

------------------------------------------------------------------------------
  z_va_4yrdk | Coefficient  Std. err.      t    P>|t|     [95% conf. interval]
-------------+----------------------------------------------------------------
z_supporti~x |   .0907034   .0455839     1.99   0.047     .0010751    .1803317
       _cons |  -.1636398   .0453824    -3.61   0.000    -.2528719   -.0744077
------------------------------------------------------------------------------
file
    /home/research/ca_ed_lab/users/chesun/gsr/caschls/out/dta/factor/compcase
    > /supportindex_va_4yrdk_compregs.dta saved

. 
. 
. //save dataset
. save $projdir/dta/allsvyfactor/categoryindex/compcasecategoryindex, replace
file
    /home/research/ca_ed_lab/users/chesun/gsr/caschls/dta/allsvyfactor/catego
    > ryindex/compcasecategoryindex.dta saved

. 
. 
. //merge the va index reg datasets to produce combined table
. // local macro for all va vars except the first one (va_ela) for merging loop
. local vaminusfirst va_math va_enr va_enrela va_enrmath va_enrdk va_2yr va_2yr
> ela va_2yrmath va_2yrdk va_4yr va_4yrela va_4yrmath va_4yrdk

. 
. foreach i of local indexvars {
  2.   use $projdir/out/dta/factor/compcase/`i'_va_ela_compregs, clear
  3.   foreach j of local vaminusfirst {
  4.     merge 1:1 var using $projdir/out/dta/factor/compcase/`i'_`j'_compregs
  5.     drop _merge
  6.   }
  7.   save $projdir/out/dta/factor/compcase/`i'_va_compregs, replace
  8.   export excel using $projdir/out/xls/factor/compcase/`i'_va_compregs, rep
> lace
  9. }

    Result                      Number of obs
    -----------------------------------------
    Not matched                             0
    Matched                                 6  (_merge==3)
    -----------------------------------------

    Result                      Number of obs
    -----------------------------------------
    Not matched                             0
    Matched                                 6  (_merge==3)
    -----------------------------------------

    Result                      Number of obs
    -----------------------------------------
    Not matched                             0
    Matched                                 6  (_merge==3)
    -----------------------------------------

    Result                      Number of obs
    -----------------------------------------
    Not matched                             0
    Matched                                 6  (_merge==3)
    -----------------------------------------

    Result                      Number of obs
    -----------------------------------------
    Not matched                             0
    Matched                                 6  (_merge==3)
    -----------------------------------------

    Result                      Number of obs
    -----------------------------------------
    Not matched                             0
    Matched                                 6  (_merge==3)
    -----------------------------------------

    Result                      Number of obs
    -----------------------------------------
    Not matched                             0
    Matched                                 6  (_merge==3)
    -----------------------------------------

    Result                      Number of obs
    -----------------------------------------
    Not matched                             0
    Matched                                 6  (_merge==3)
    -----------------------------------------

    Result                      Number of obs
    -----------------------------------------
    Not matched                             0
    Matched                                 6  (_merge==3)
    -----------------------------------------

    Result                      Number of obs
    -----------------------------------------
    Not matched                             0
    Matched                                 6  (_merge==3)
    -----------------------------------------

    Result                      Number of obs
    -----------------------------------------
    Not matched                             0
    Matched                                 6  (_merge==3)
    -----------------------------------------

    Result                      Number of obs
    -----------------------------------------
    Not matched                             0
    Matched                                 6  (_merge==3)
    -----------------------------------------

    Result                      Number of obs
    -----------------------------------------
    Not matched                             0
    Matched                                 6  (_merge==3)
    -----------------------------------------
file
    /home/research/ca_ed_lab/users/chesun/gsr/caschls/out/dta/factor/compcase
    > /climateindex_va_compregs.dta saved
file /home/research/ca_ed_lab/users/chesun/gsr/caschls/out/xls/factor/compcase/
> climateindex_va_compregs.xls saved

    Result                      Number of obs
    -----------------------------------------
    Not matched                             0
    Matched                                 6  (_merge==3)
    -----------------------------------------

    Result                      Number of obs
    -----------------------------------------
    Not matched                             0
    Matched                                 6  (_merge==3)
    -----------------------------------------

    Result                      Number of obs
    -----------------------------------------
    Not matched                             0
    Matched                                 6  (_merge==3)
    -----------------------------------------

    Result                      Number of obs
    -----------------------------------------
    Not matched                             0
    Matched                                 6  (_merge==3)
    -----------------------------------------

    Result                      Number of obs
    -----------------------------------------
    Not matched                             0
    Matched                                 6  (_merge==3)
    -----------------------------------------

    Result                      Number of obs
    -----------------------------------------
    Not matched                             0
    Matched                                 6  (_merge==3)
    -----------------------------------------

    Result                      Number of obs
    -----------------------------------------
    Not matched                             0
    Matched                                 6  (_merge==3)
    -----------------------------------------

    Result                      Number of obs
    -----------------------------------------
    Not matched                             0
    Matched                                 6  (_merge==3)
    -----------------------------------------

    Result                      Number of obs
    -----------------------------------------
    Not matched                             0
    Matched                                 6  (_merge==3)
    -----------------------------------------

    Result                      Number of obs
    -----------------------------------------
    Not matched                             0
    Matched                                 6  (_merge==3)
    -----------------------------------------

    Result                      Number of obs
    -----------------------------------------
    Not matched                             0
    Matched                                 6  (_merge==3)
    -----------------------------------------

    Result                      Number of obs
    -----------------------------------------
    Not matched                             0
    Matched                                 6  (_merge==3)
    -----------------------------------------

    Result                      Number of obs
    -----------------------------------------
    Not matched                             0
    Matched                                 6  (_merge==3)
    -----------------------------------------
file
    /home/research/ca_ed_lab/users/chesun/gsr/caschls/out/dta/factor/compcase
    > /qualityindex_va_compregs.dta saved
file /home/research/ca_ed_lab/users/chesun/gsr/caschls/out/xls/factor/compcase/
> qualityindex_va_compregs.xls saved

    Result                      Number of obs
    -----------------------------------------
    Not matched                             0
    Matched                                 6  (_merge==3)
    -----------------------------------------

    Result                      Number of obs
    -----------------------------------------
    Not matched                             0
    Matched                                 6  (_merge==3)
    -----------------------------------------

    Result                      Number of obs
    -----------------------------------------
    Not matched                             0
    Matched                                 6  (_merge==3)
    -----------------------------------------

    Result                      Number of obs
    -----------------------------------------
    Not matched                             0
    Matched                                 6  (_merge==3)
    -----------------------------------------

    Result                      Number of obs
    -----------------------------------------
    Not matched                             0
    Matched                                 6  (_merge==3)
    -----------------------------------------

    Result                      Number of obs
    -----------------------------------------
    Not matched                             0
    Matched                                 6  (_merge==3)
    -----------------------------------------

    Result                      Number of obs
    -----------------------------------------
    Not matched                             0
    Matched                                 6  (_merge==3)
    -----------------------------------------

    Result                      Number of obs
    -----------------------------------------
    Not matched                             0
    Matched                                 6  (_merge==3)
    -----------------------------------------

    Result                      Number of obs
    -----------------------------------------
    Not matched                             0
    Matched                                 6  (_merge==3)
    -----------------------------------------

    Result                      Number of obs
    -----------------------------------------
    Not matched                             0
    Matched                                 6  (_merge==3)
    -----------------------------------------

    Result                      Number of obs
    -----------------------------------------
    Not matched                             0
    Matched                                 6  (_merge==3)
    -----------------------------------------

    Result                      Number of obs
    -----------------------------------------
    Not matched                             0
    Matched                                 6  (_merge==3)
    -----------------------------------------

    Result                      Number of obs
    -----------------------------------------
    Not matched                             0
    Matched                                 6  (_merge==3)
    -----------------------------------------
file
    /home/research/ca_ed_lab/users/chesun/gsr/caschls/out/dta/factor/compcase
    > /supportindex_va_compregs.dta saved
file /home/research/ca_ed_lab/users/chesun/gsr/caschls/out/xls/factor/compcase/
> supportindex_va_compregs.xls saved

. 
. log close
      name:  <unnamed>
       log:  /home/research/ca_ed_lab/users/chesun/gsr/caschls/log/share/factor
> analysis/compcasecategoryindex.smcl
  log type:  smcl
 closed on:  25 Jul 2022, 18:11:09
-------------------------------------------------------------------------------
