-------------------------------------------------------------------------------
      name:  elemcoveragedata
       log:  /home/research/ca_ed_lab/users/chesun/gsr/caschls/log/build/sample
> /elemcoveragedata.smcl
  log type:  smcl
 opened on:  19 Dec 2024, 19:01:55

. 
. local years `" "1415" "1516" "1617" "1718" "1819" "' //local macro for elemen
> tary dataset years

. 
.  foreach i of local years {
  2.    use $projdir/dta/demographics/elementary/elemdemo`i', clear
  3. 
.    /* generate response rates for grade 3, 4, 5, 6 and use extended missing v
> alue for labeling later */
.    //generate a new var that calculates students in each grade in the survey 
> as a percentage of total enrollment in that grade (i.e. response rate)
.    gen svygr3resprate = .a
  4.    gen svygr4resprate = .a
  5.    gen svygr5resprate = .a
  6.    gen svygr6resprate = .a
  7. 
.    label var svygr3resprate "grade 3 response rate"
  8.    label var svygr4resprate "grade 4 response rate"
  9.    label var svygr5resprate "grade 5 response rate"
 10.    label var svygr6resprate "grade 6 response rate"
 11. 
.    //make sure denominator is not 0 when calculating response rate
.    replace svygr3resprate = svygr3/gr3enr if gr3enr != 0
 12.    replace svygr4resprate = svygr4/gr4enr if gr4enr != 0
 13.    replace svygr5resprate = svygr5/gr5enr if gr5enr != 0
 14.    replace svygr6resprate = svygr6/gr6enr if gr6enr != 0
 15. 
.    /* //recode missing values using extended missing values for labeling
>    recode svygr3resprate (missing = .a)
>    recode svygr4resprate (missing = .a)
>    recode svygr5resprate (missing = .a)
>    recode svygr6resprate (missing = .a) */
. 
.    //label extended missing values for the cases where enrollment is 0
.    label define svygr3resprate .a "Grade 3 Enrollment is 0"
 16.    label define svygr4resprate .a "Grade 4 Enrollment is 0"
 17.    label define svygr5resprate .a "Grade 5 Enrollment is 0"
 18.    label define svygr6resprate .a "Grade 6 Enrollment is 0"
 19. 
.    /* generate percentage of surveyed female students in each grade in survey
>  sample and use extended missing value for labeling later */
.    //generate a var that calculates the percentage of surveyed female student
> s in each grade in the survey sample
.    gen svyfemalegr3pct = .a
 20.    gen svyfemalegr4pct = .a
 21.    gen svyfemalegr5pct = .a
 22.    gen svyfemalegr6pct = .a
 23. 
.    label var svyfemalegr3pct "percent of female students in grade 3 in survey
>  sample"
 24.    label var svyfemalegr4pct "percent of female students in grade 4 in sur
> vey sample"
 25.    label var svyfemalegr5pct "percent of female students in grade 5 in sur
> vey sample"
 26.    label var svyfemalegr6pct "percent of female students in grade 6 in sur
> vey sample"
 27. 
.    // make sure denominator is not 0 when calculating percentage
.    replace svyfemalegr3pct = svyfemalegr3/svygr3 if svygr3 != 0
 28.    replace svyfemalegr4pct = svyfemalegr4/svygr4 if svygr4 != 0
 29.    replace svyfemalegr5pct = svyfemalegr5/svygr5 if svygr5 != 0
 30.    replace svyfemalegr6pct = svyfemalegr6/svygr6 if svygr6 != 0
 31. 
.    //label extended missing values for the cases where denominator is 0
.    label define svyfemalegr3pct .a "no grade 3 students surveyed"
 32.    label define svyfemalegr4pct .a "no grade 4 students surveyed"
 33.    label define svyfemalegr5pct .a "no grade 5 students surveyed"
 34.    label define svyfemalegr6pct .a "no grade 6 students surveyed"
 35. 
. 
.    /* generate percentage of surveyed male students in each grade in survey s
> ample and use extended missing value for labeling later */
.    //generate a var that calculates the percentage of surveyed male students 
> in each grade in the survey sample
.    gen svymalegr3pct = .a
 36.    gen svymalegr4pct = .a
 37.    gen svymalegr5pct = .a
 38.    gen svymalegr6pct = .a
 39. 
.    label var svymalegr3pct "percent of male students in grade 3 in survey sam
> ple"
 40.    label var svymalegr4pct "percent of male students in grade 4 in survey 
> sample"
 41.    label var svymalegr5pct "percent of male students in grade 5 in survey 
> sample"
 42.    label var svymalegr6pct "percent of male students in grade 6 in survey 
> sample"
 43. 
.    // make sure denominator is not 0 when calculating percentage
.    replace svymalegr3pct = svymalegr3/svygr3 if svygr3 != 0
 44.    replace svymalegr4pct = svymalegr4/svygr4 if svygr4 != 0
 45.    replace svymalegr5pct = svymalegr5/svygr5 if svygr5 != 0
 46.    replace svymalegr6pct = svymalegr6/svygr6 if svygr6 != 0
 47. 
.    //label extended missing values for the cases where denominator is 0
.    label define svymalegr3pct .a "no grade 3 students surveyed"
 48.    label define svymalegr4pct .a "no grade 4 students surveyed"
 49.    label define svymalegr5pct .a "no grade 5 students surveyed"
 50.    label define svymalegr6pct .a "no grade 6 students surveyed"
 51. 
. 
. 
.    /* generate a var that calculates the percentage of female and male studen
> ts in total enrollment */
.    local grades 1 2 3 4 5 6 7 8 9 10 11 12 //generate a kicak nacri for grade
>  bynvers
 52.    foreach j of local grades {
 53.      //generate a var that calculates the percentage of female students in
>  each grade in the enrollment data
.      gen enrfemalegr`j'pct = .a //generate extended missing value first for l
> abeling later
 54.      label var enrfemalegr`j'pct "percent of female students in grade `j' 
> in enrollment data"
 55.      replace enrfemalegr`j'pct = gr`j'femaleenr/gr`j'enr if gr`j'enr != 0 
> //calculates the percentage of surveyed female students in each grade in the 
> enrollment data if denominator is not 0
 56.      label define enrfemalegr`j'pct .a "grade `j' enrollment is 0"
 57. 
.      //generate a var that calculates the percentage of male students in each
>  grade in the enrollment data, generate extended missing value first for labe
> ling later
.      gen enrmalegr`j'pct = .a //generate extended missing value first for lab
> eling later
 58.      label var enrmalegr`j'pct "percent of male students in grade `j' in e
> nrollment data"
 59.      replace enrmalegr`j'pct = gr`j'maleenr/gr`j'enr if gr`j'enr != 0 //ca
> lculates the percentage of surveyed male students in each grade in the enroll
> ment data if denominator is not 0
 60.      label define enrmalegr`j'pct .a "grade `j' enrollment is 0"
 61.    }
 62. 
.    /* generate a var that is the difference between survey sample and enrollm
> ent data of percent of female and male students in grade 3  */
.    local elemgrades 3 4 5 6 //create a local macro for the grades in the elem
> entary survey data
 63.    foreach k of local elemgrades {
 64.      gen femalegr`k'dif = svyfemalegr`k'pct - enrfemalegr`k'pct //calculat
> es the difference between the survey sample and enrollment data for female st
> udents in grade i
 65.      gen malegr`k'dif = svymalegr`k'pct - enrmalegr`k'pct       //calculat
> es the difference between the survey sample and enrollment data for male stud
> ents in grade i
 66.      label var femalegr`k'dif "Difference in grade `k' female percentage b
> etween survey sample and enrollment data"
 67.      label var malegr`k'dif "Difference in grade `k' male percentage betwe
> en survey sample and enrollment data"
 68.    }
 69. 
.    compress //compress dataset to save space
 70.    label data "Elementary `i' demographics data with survey coverage analy
> sis variables"
 71.    save $projdir/dta/demographics/analysis/elementary/elemdemo`i'analysis,
>  replace
 72. 
.  }
(1,033 missing values generated)
(1,033 missing values generated)
(1,033 missing values generated)
(1,033 missing values generated)
(1,018 real changes made)
(1,025 real changes made)
(1,031 real changes made)
(598 real changes made)
(1,033 missing values generated)
(1,033 missing values generated)
(1,033 missing values generated)
(1,033 missing values generated)
(106 real changes made)
(239 real changes made)
(1,027 real changes made)
(165 real changes made)
(1,033 missing values generated)
(1,033 missing values generated)
(1,033 missing values generated)
(1,033 missing values generated)
(106 real changes made)
(239 real changes made)
(1,027 real changes made)
(165 real changes made)
(1,033 missing values generated)
(1,001 real changes made)
(1,033 missing values generated)
(1,001 real changes made)
(1,033 missing values generated)
(1,005 real changes made)
(1,033 missing values generated)
(1,005 real changes made)
(1,033 missing values generated)
(1,018 real changes made)
(1,033 missing values generated)
(1,018 real changes made)
(1,033 missing values generated)
(1,025 real changes made)
(1,033 missing values generated)
(1,025 real changes made)
(1,033 missing values generated)
(1,031 real changes made)
(1,033 missing values generated)
(1,031 real changes made)
(1,033 missing values generated)
(598 real changes made)
(1,033 missing values generated)
(598 real changes made)
(1,033 missing values generated)
(157 real changes made)
(1,033 missing values generated)
(157 real changes made)
(1,033 missing values generated)
(145 real changes made)
(1,033 missing values generated)
(145 real changes made)
(1,033 missing values generated)
(9 real changes made)
(1,033 missing values generated)
(9 real changes made)
(1,033 missing values generated)
(7 real changes made)
(1,033 missing values generated)
(7 real changes made)
(1,033 missing values generated)
(7 real changes made)
(1,033 missing values generated)
(7 real changes made)
(1,033 missing values generated)
(5 real changes made)
(1,033 missing values generated)
(5 real changes made)
(927 missing values generated)
(927 missing values generated)
note: label truncated to 80 characters
(794 missing values generated)
(794 missing values generated)
note: label truncated to 80 characters
(6 missing values generated)
(6 missing values generated)
note: label truncated to 80 characters
(868 missing values generated)
(868 missing values generated)
note: label truncated to 80 characters
  (0 bytes saved)
file
    /home/research/ca_ed_lab/users/chesun/gsr/caschls/dta/demographics/analys
    > is/elementary/elemdemo1415analysis.dta saved
(1,608 missing values generated)
(1,608 missing values generated)
(1,608 missing values generated)
(1,608 missing values generated)
(1,570 real changes made)
(1,588 real changes made)
(1,594 real changes made)
(783 real changes made)
(1,608 missing values generated)
(1,608 missing values generated)
(1,608 missing values generated)
(1,608 missing values generated)
(129 real changes made)
(285 real changes made)
(1,580 real changes made)
(182 real changes made)
(1,608 missing values generated)
(1,608 missing values generated)
(1,608 missing values generated)
(1,608 missing values generated)
(129 real changes made)
(285 real changes made)
(1,580 real changes made)
(182 real changes made)
(1,608 missing values generated)
(1,545 real changes made)
(1,608 missing values generated)
(1,545 real changes made)
(1,608 missing values generated)
(1,551 real changes made)
(1,608 missing values generated)
(1,551 real changes made)
(1,608 missing values generated)
(1,570 real changes made)
(1,608 missing values generated)
(1,570 real changes made)
(1,608 missing values generated)
(1,588 real changes made)
(1,608 missing values generated)
(1,588 real changes made)
(1,608 missing values generated)
(1,594 real changes made)
(1,608 missing values generated)
(1,594 real changes made)
(1,608 missing values generated)
(783 real changes made)
(1,608 missing values generated)
(783 real changes made)
(1,608 missing values generated)
(264 real changes made)
(1,608 missing values generated)
(264 real changes made)
(1,608 missing values generated)
(249 real changes made)
(1,608 missing values generated)
(249 real changes made)
(1,608 missing values generated)
(15 real changes made)
(1,608 missing values generated)
(15 real changes made)
(1,608 missing values generated)
(14 real changes made)
(1,608 missing values generated)
(14 real changes made)
(1,608 missing values generated)
(13 real changes made)
(1,608 missing values generated)
(13 real changes made)
(1,608 missing values generated)
(12 real changes made)
(1,608 missing values generated)
(12 real changes made)
(1,479 missing values generated)
(1,479 missing values generated)
note: label truncated to 80 characters
(1,323 missing values generated)
(1,323 missing values generated)
note: label truncated to 80 characters
(28 missing values generated)
(28 missing values generated)
note: label truncated to 80 characters
(1,426 missing values generated)
(1,426 missing values generated)
note: label truncated to 80 characters
  (0 bytes saved)
file
    /home/research/ca_ed_lab/users/chesun/gsr/caschls/dta/demographics/analys
    > is/elementary/elemdemo1516analysis.dta saved
(2016-17 Elementary CHKS Data)
(1,446 missing values generated)
(1,446 missing values generated)
(1,446 missing values generated)
(1,446 missing values generated)
(1,411 real changes made)
(1,424 real changes made)
(1,431 real changes made)
(728 real changes made)
(1,446 missing values generated)
(1,446 missing values generated)
(1,446 missing values generated)
(1,446 missing values generated)
(192 real changes made)
(299 real changes made)
(1,425 real changes made)
(226 real changes made)
(1,446 missing values generated)
(1,446 missing values generated)
(1,446 missing values generated)
(1,446 missing values generated)
(192 real changes made)
(299 real changes made)
(1,425 real changes made)
(226 real changes made)
(1,446 missing values generated)
(1,394 real changes made)
(1,446 missing values generated)
(1,394 real changes made)
(1,446 missing values generated)
(1,401 real changes made)
(1,446 missing values generated)
(1,401 real changes made)
(1,446 missing values generated)
(1,411 real changes made)
(1,446 missing values generated)
(1,411 real changes made)
(1,446 missing values generated)
(1,424 real changes made)
(1,446 missing values generated)
(1,424 real changes made)
(1,446 missing values generated)
(1,431 real changes made)
(1,446 missing values generated)
(1,431 real changes made)
(1,446 missing values generated)
(728 real changes made)
(1,446 missing values generated)
(728 real changes made)
(1,446 missing values generated)
(220 real changes made)
(1,446 missing values generated)
(220 real changes made)
(1,446 missing values generated)
(209 real changes made)
(1,446 missing values generated)
(209 real changes made)
(1,446 missing values generated)
(16 real changes made)
(1,446 missing values generated)
(16 real changes made)
(1,446 missing values generated)
(15 real changes made)
(1,446 missing values generated)
(15 real changes made)
(1,446 missing values generated)
(13 real changes made)
(1,446 missing values generated)
(13 real changes made)
(1,446 missing values generated)
(13 real changes made)
(1,446 missing values generated)
(13 real changes made)
(1,254 missing values generated)
(1,254 missing values generated)
note: label truncated to 80 characters
(1,147 missing values generated)
(1,147 missing values generated)
note: label truncated to 80 characters
(21 missing values generated)
(21 missing values generated)
note: label truncated to 80 characters
(1,221 missing values generated)
(1,221 missing values generated)
note: label truncated to 80 characters
  (0 bytes saved)
file
    /home/research/ca_ed_lab/users/chesun/gsr/caschls/dta/demographics/analys
    > is/elementary/elemdemo1617analysis.dta saved
(2017-18 Elementary CHKS Data)
(2,102 missing values generated)
(2,102 missing values generated)
(2,102 missing values generated)
(2,102 missing values generated)
(2,040 real changes made)
(2,069 real changes made)
(2,082 real changes made)
(1,148 real changes made)
(2,102 missing values generated)
(2,102 missing values generated)
(2,102 missing values generated)
(2,102 missing values generated)
(487 real changes made)
(484 real changes made)
(2,070 real changes made)
(457 real changes made)
(2,102 missing values generated)
(2,102 missing values generated)
(2,102 missing values generated)
(2,102 missing values generated)
(487 real changes made)
(484 real changes made)
(2,070 real changes made)
(457 real changes made)
(2,102 missing values generated)
(2,018 real changes made)
(2,102 missing values generated)
(2,018 real changes made)
(2,102 missing values generated)
(2,021 real changes made)
(2,102 missing values generated)
(2,021 real changes made)
(2,102 missing values generated)
(2,040 real changes made)
(2,102 missing values generated)
(2,040 real changes made)
(2,102 missing values generated)
(2,069 real changes made)
(2,102 missing values generated)
(2,069 real changes made)
(2,102 missing values generated)
(2,082 real changes made)
(2,102 missing values generated)
(2,082 real changes made)
(2,102 missing values generated)
(1,148 real changes made)
(2,102 missing values generated)
(1,148 real changes made)
(2,102 missing values generated)
(324 real changes made)
(2,102 missing values generated)
(324 real changes made)
(2,102 missing values generated)
(315 real changes made)
(2,102 missing values generated)
(315 real changes made)
(2,102 missing values generated)
(17 real changes made)
(2,102 missing values generated)
(17 real changes made)
(2,102 missing values generated)
(14 real changes made)
(2,102 missing values generated)
(14 real changes made)
(2,102 missing values generated)
(14 real changes made)
(2,102 missing values generated)
(14 real changes made)
(2,102 missing values generated)
(15 real changes made)
(2,102 missing values generated)
(15 real changes made)
(1,615 missing values generated)
(1,615 missing values generated)
note: label truncated to 80 characters
(1,618 missing values generated)
(1,618 missing values generated)
note: label truncated to 80 characters
(33 missing values generated)
(33 missing values generated)
note: label truncated to 80 characters
(1,653 missing values generated)
(1,653 missing values generated)
note: label truncated to 80 characters
  (0 bytes saved)
file
    /home/research/ca_ed_lab/users/chesun/gsr/caschls/dta/demographics/analys
    > is/elementary/elemdemo1718analysis.dta saved
(2018-19 Elementary CHKS Data)
(1,643 missing values generated)
(1,643 missing values generated)
(1,643 missing values generated)
(1,643 missing values generated)
(1,615 real changes made)
(1,628 real changes made)
(1,630 real changes made)
(841 real changes made)
(1,643 missing values generated)
(1,643 missing values generated)
(1,643 missing values generated)
(1,643 missing values generated)
(35 real changes made)
(68 real changes made)
(1,617 real changes made)
(85 real changes made)
(1,643 missing values generated)
(1,643 missing values generated)
(1,643 missing values generated)
(1,643 missing values generated)
(35 real changes made)
(68 real changes made)
(1,617 real changes made)
(85 real changes made)
(1,643 missing values generated)
(1,598 real changes made)
(1,643 missing values generated)
(1,598 real changes made)
(1,643 missing values generated)
(1,602 real changes made)
(1,643 missing values generated)
(1,602 real changes made)
(1,643 missing values generated)
(1,615 real changes made)
(1,643 missing values generated)
(1,615 real changes made)
(1,643 missing values generated)
(1,628 real changes made)
(1,643 missing values generated)
(1,628 real changes made)
(1,643 missing values generated)
(1,630 real changes made)
(1,643 missing values generated)
(1,630 real changes made)
(1,643 missing values generated)
(841 real changes made)
(1,643 missing values generated)
(841 real changes made)
(1,643 missing values generated)
(232 real changes made)
(1,643 missing values generated)
(232 real changes made)
(1,643 missing values generated)
(227 real changes made)
(1,643 missing values generated)
(227 real changes made)
(1,643 missing values generated)
(10 real changes made)
(1,643 missing values generated)
(10 real changes made)
(1,643 missing values generated)
(10 real changes made)
(1,643 missing values generated)
(10 real changes made)
(1,643 missing values generated)
(7 real changes made)
(1,643 missing values generated)
(7 real changes made)
(1,643 missing values generated)
(9 real changes made)
(1,643 missing values generated)
(9 real changes made)
(1,608 missing values generated)
(1,608 missing values generated)
note: label truncated to 80 characters
(1,575 missing values generated)
(1,575 missing values generated)
note: label truncated to 80 characters
(26 missing values generated)
(26 missing values generated)
note: label truncated to 80 characters
(1,558 missing values generated)
(1,558 missing values generated)
note: label truncated to 80 characters
  (0 bytes saved)
file
    /home/research/ca_ed_lab/users/chesun/gsr/caschls/dta/demographics/analys
    > is/elementary/elemdemo1819analysis.dta saved

. 
. 
.  log close elemcoveragedata
      name:  elemcoveragedata
       log:  /home/research/ca_ed_lab/users/chesun/gsr/caschls/log/build/sample
> /elemcoveragedata.smcl
  log type:  smcl
 closed on:  19 Dec 2024, 19:01:55
-------------------------------------------------------------------------------
