-------------------------------------------------------------------------------
      name:  <unnamed>
       log:  /home/research/ca_ed_lab/users/chesun/gsr/caschls/log/build/sample
> /parentcoveragedata.smcl
  log type:  smcl
 opened on:  19 Dec 2024, 19:12:42

. 
. local years `" "1415" "1516" "1617" "1718" "1819" "' //local macro for elemen
> tary dataset years

. 
. foreach year of local years {
  2.   use $projdir/dta/demographics/parent/parentdemo`year', clear
  3. 
.   ***************************************************************************
> ***
.   *********************generate survey response rates ***********************
> ***
.   ***************************************************************************
> ***
. 
.   local grades `" "1" "2" "3" "4" "5" "6" "7" "8" "9" "10" "11" "12" "' //loc
> al macro for kids' grades in parent survey, kindergarten enrollment not inclu
> ded so omit
  4.   foreach i of local grades {
  5.     //generate a new var that calculates kids in each grade whose parents 
> answered the survey as a percentage of total enrollment in that grade (i.e. r
> esponse rate)
.     gen svygr`i'resprate = .a
  6.     label var svygr`i'resprate "response rate for households with kids in 
> grade `i'"
  7.     //make sure denominator is not 0 when calculating response rate
.     replace svygr`i'resprate = svygr`i'/gr`i'enr if gr`i'enr != 0
  8.     //label extended missing values for the cases where enrollment is 0
.     label define svygr`i'resprate .a "grade `i' enrollment is 0"
  9.   }
 10. 
.   compress //compress dataset to save memory
 11.   label data "Parent `year' demographics data with survey coverage analysi
> s variables"
 12.   save $projdir/dta/demographics/analysis/parent/parentdemo`year'analysis,
>  replace
 13. }
( )
(735 missing values generated)
(476 real changes made)
(735 missing values generated)
(474 real changes made)
(735 missing values generated)
(477 real changes made)
(735 missing values generated)
(481 real changes made)
(735 missing values generated)
(484 real changes made)
(735 missing values generated)
(401 real changes made)
(735 missing values generated)
(243 real changes made)
(735 missing values generated)
(243 real changes made)
(735 missing values generated)
(135 real changes made)
(735 missing values generated)
(145 real changes made)
(735 missing values generated)
(151 real changes made)
(735 missing values generated)
(150 real changes made)
  variable svygr7resprate was float now byte
  (2,205 bytes saved)
file
    /home/research/ca_ed_lab/users/chesun/gsr/caschls/dta/demographics/analys
    > is/parent/parentdemo1415analysis.dta saved
(2015-16 Parent CSPS Data)
(909 missing values generated)
(545 real changes made)
(909 missing values generated)
(546 real changes made)
(909 missing values generated)
(548 real changes made)
(909 missing values generated)
(551 real changes made)
(909 missing values generated)
(559 real changes made)
(909 missing values generated)
(417 real changes made)
(909 missing values generated)
(272 real changes made)
(909 missing values generated)
(263 real changes made)
(909 missing values generated)
(195 real changes made)
(909 missing values generated)
(210 real changes made)
(909 missing values generated)
(220 real changes made)
(909 missing values generated)
(219 real changes made)
  (0 bytes saved)
file
    /home/research/ca_ed_lab/users/chesun/gsr/caschls/dta/demographics/analys
    > is/parent/parentdemo1516analysis.dta saved
(2016-17 Parent CSPS Data)
(1,098 missing values generated)
(677 real changes made)
(1,098 missing values generated)
(679 real changes made)
(1,098 missing values generated)
(682 real changes made)
(1,098 missing values generated)
(685 real changes made)
(1,098 missing values generated)
(689 real changes made)
(1,098 missing values generated)
(474 real changes made)
(1,098 missing values generated)
(294 real changes made)
(1,098 missing values generated)
(298 real changes made)
(1,098 missing values generated)
(240 real changes made)
(1,098 missing values generated)
(258 real changes made)
(1,098 missing values generated)
(270 real changes made)
(1,098 missing values generated)
(269 real changes made)
  (0 bytes saved)
file
    /home/research/ca_ed_lab/users/chesun/gsr/caschls/dta/demographics/analys
    > is/parent/parentdemo1617analysis.dta saved
(2017-18 Parent CSPS Data)
(1,499 missing values generated)
(917 real changes made)
(1,499 missing values generated)
(919 real changes made)
(1,499 missing values generated)
(919 real changes made)
(1,499 missing values generated)
(924 real changes made)
(1,499 missing values generated)
(930 real changes made)
(1,499 missing values generated)
(644 real changes made)
(1,499 missing values generated)
(432 real changes made)
(1,499 missing values generated)
(432 real changes made)
(1,499 missing values generated)
(305 real changes made)
(1,499 missing values generated)
(332 real changes made)
(1,499 missing values generated)
(350 real changes made)
(1,499 missing values generated)
(347 real changes made)
  (0 bytes saved)
file
    /home/research/ca_ed_lab/users/chesun/gsr/caschls/dta/demographics/analys
    > is/parent/parentdemo1718analysis.dta saved
(2018-19 Parent CSPS Data)
(1,436 missing values generated)
(900 real changes made)
(1,436 missing values generated)
(903 real changes made)
(1,436 missing values generated)
(910 real changes made)
(1,436 missing values generated)
(908 real changes made)
(1,436 missing values generated)
(911 real changes made)
(1,436 missing values generated)
(615 real changes made)
(1,436 missing values generated)
(414 real changes made)
(1,436 missing values generated)
(420 real changes made)
(1,436 missing values generated)
(281 real changes made)
(1,436 missing values generated)
(304 real changes made)
(1,436 missing values generated)
(319 real changes made)
(1,436 missing values generated)
(320 real changes made)
  (0 bytes saved)
file
    /home/research/ca_ed_lab/users/chesun/gsr/caschls/dta/demographics/analys
    > is/parent/parentdemo1819analysis.dta saved

. 
. log close
      name:  <unnamed>
       log:  /home/research/ca_ed_lab/users/chesun/gsr/caschls/log/build/sample
> /parentcoveragedata.smcl
  log type:  smcl
 closed on:  19 Dec 2024, 19:12:42
-------------------------------------------------------------------------------
